<?xml version="1.0" encoding="UTF-8"?>
<!-- Generated by org.testng.reporters.JUnitXMLReporter -->
<testsuite hostname="DESKTOP-H5R4TCN" ignored="0" name="Default test" tests="3" failures="0" timestamp="2022-04-24T16:21:57 CDT" time="47.048" errors="0">
  <testcase name="AbletoAddCategory" time="0.228" classname="ableToAddCategory.Addcategory"/>
  <testcase name="NotAbleToAddDuplicate" time="6.554" classname="ableToAddCategory.Addcategory"/>
  <testcase name="DueDateDropdown" time="27.056" classname="ableToAddCategory.Addcategory"/>
</testsuite> <!-- Default test -->
